<?xml version="1.0" encoding="UTF-8"?>
<testsuite name="StoreTest" tests="7" skipped="0" failures="0" errors="0" timestamp="2015-09-08T00:28:07" hostname="chitraphp" time="0.94">
  <properties/>
  <testcase name="equals_returnsTrueIfNamesAretheSame" classname="StoreTest" time="0.14"/>
  <testcase name="save_savesObjectIntoDatabase" classname="StoreTest" time="0.153"/>
  <testcase name="addBrand_addsBrandToStore" classname="StoreTest" time="0.204"/>
  <testcase name="find_findsStoreInDatabase_true" classname="StoreTest" time="0.099"/>
  <testcase name="all_emptyAtFirst" classname="StoreTest" time="0.012"/>
  <testcase name="save_assignsIdToObject" classname="StoreTest" time="0.119"/>
  <testcase name="getBrands_returnsAllBrands_ArrayList" classname="StoreTest" time="0.211"/>
  <system-out><![CDATA[]]></system-out>
  <system-err><![CDATA[]]></system-err>
</testsuite>
